-------------------------------------------------------------------------------
Test set: com.candidateapp.candidateapp.CandidateappApplicationTests
-------------------------------------------------------------------------------
Tests run: 1, Failures: 0, Errors: 1, Skipped: 0, Time elapsed: 11.737 s <<< FAILURE! - in com.candidateapp.candidateapp.CandidateappApplicationTests
contextLoads(com.candidateapp.candidateapp.CandidateappApplicationTests)  Time elapsed: 0.002 s  <<< ERROR!
java.lang.IllegalStateException: Failed to load ApplicationContext
Caused by: org.springframework.beans.factory.UnsatisfiedDependencyException: Error creating bean with name 'candidateController': Unsatisfied dependency expressed through field 'candidateService'; nested exception is org.springframework.beans.factory.UnsatisfiedDependencyException: Error creating bean with name 'candidateService': Unsatisfied dependency expressed through field 'repo'; nested exception is org.springframework.beans.factory.BeanCreationException: Error creating bean with name 'candidateRepo': Invocation of init method failed; nested exception is java.lang.IllegalArgumentException: Not a managed type: class com.candidate.entity.Candidate
Caused by: org.springframework.beans.factory.UnsatisfiedDependencyException: Error creating bean with name 'candidateService': Unsatisfied dependency expressed through field 'repo'; nested exception is org.springframework.beans.factory.BeanCreationException: Error creating bean with name 'candidateRepo': Invocation of init method failed; nested exception is java.lang.IllegalArgumentException: Not a managed type: class com.candidate.entity.Candidate
Caused by: org.springframework.beans.factory.BeanCreationException: Error creating bean with name 'candidateRepo': Invocation of init method failed; nested exception is java.lang.IllegalArgumentException: Not a managed type: class com.candidate.entity.Candidate
Caused by: java.lang.IllegalArgumentException: Not a managed type: class com.candidate.entity.Candidate

